[2022-02-22 10:15:42.967] [exthost] [info] extension host started
[2022-02-22 10:15:43.096] [exthost] [info] ExtensionService#_doActivateExtension vscode.typescript-language-features {"startup":false,"extensionId":{"value":"vscode.typescript-language-features","_lower":"vscode.typescript-language-features"},"activationEvent":"onLanguage:javascript"}
[2022-02-22 10:15:43.096] [exthost] [info] ExtensionService#loadCommonJSModule file:///app/share/code-oss/resources/app/extensions/typescript-language-features/dist/extension
[2022-02-22 10:15:43.115] [exthost] [info] ExtensionService#_doActivateExtension vscode.debug-auto-launch {"startup":true,"extensionId":{"value":"vscode.debug-auto-launch","_lower":"vscode.debug-auto-launch"},"activationEvent":"*"}
[2022-02-22 10:15:43.115] [exthost] [info] ExtensionService#loadCommonJSModule file:///app/share/code-oss/resources/app/extensions/debug-auto-launch/dist/extension
[2022-02-22 10:15:43.119] [exthost] [info] ExtensionService#_doActivateExtension vscode.emmet {"startup":true,"extensionId":{"value":"vscode.emmet","_lower":"vscode.emmet"},"activationEvent":"*"}
[2022-02-22 10:15:43.119] [exthost] [info] ExtensionService#loadCommonJSModule file:///app/share/code-oss/resources/app/extensions/emmet/dist/extension
[2022-02-22 10:15:43.133] [exthost] [info] ExtensionService#_doActivateExtension vscode.git {"startup":true,"extensionId":{"value":"vscode.git","_lower":"vscode.git"},"activationEvent":"*"}
[2022-02-22 10:15:43.133] [exthost] [info] ExtensionService#loadCommonJSModule file:///app/share/code-oss/resources/app/extensions/git/dist/main
[2022-02-22 10:15:43.155] [exthost] [info] ExtensionService#_doActivateExtension vscode.merge-conflict {"startup":true,"extensionId":{"value":"vscode.merge-conflict","_lower":"vscode.merge-conflict"},"activationEvent":"*"}
[2022-02-22 10:15:43.155] [exthost] [info] ExtensionService#loadCommonJSModule file:///app/share/code-oss/resources/app/extensions/merge-conflict/dist/extension
[2022-02-22 10:15:43.158] [exthost] [info] ExtensionService#_doActivateExtension vscode.search-result {"startup":true,"extensionId":{"value":"vscode.search-result","_lower":"vscode.search-result"},"activationEvent":"*"}
[2022-02-22 10:15:43.158] [exthost] [info] ExtensionService#loadCommonJSModule file:///app/share/code-oss/resources/app/extensions/search-result/dist/extension.js
[2022-02-22 10:15:43.159] [exthost] [info] ExtensionService#_doActivateExtension esbenp.prettier-vscode {"startup":true,"extensionId":{"value":"esbenp.prettier-vscode","_lower":"esbenp.prettier-vscode"},"activationEvent":"*"}
[2022-02-22 10:15:43.160] [exthost] [info] ExtensionService#loadCommonJSModule file:///home/steph/.vscode-oss/extensions/esbenp.prettier-vscode-5.5.0/dist/extension
[2022-02-22 10:15:43.264] [exthost] [info] eager extensions activated
[2022-02-22 10:15:51.182] [exthost] [info] ExtensionService#_doActivateExtension vscode.extension-editing {"startup":false,"extensionId":{"value":"vscode.extension-editing","_lower":"vscode.extension-editing"},"activationEvent":"onLanguage:typescript"}
[2022-02-22 10:15:51.182] [exthost] [info] ExtensionService#loadCommonJSModule file:///app/share/code-oss/resources/app/extensions/extension-editing/dist/extension
[2022-02-22 10:19:15.865] [exthost] [info] ExtensionService#_doActivateExtension vscode.html-language-features {"startup":false,"extensionId":{"value":"vscode.html-language-features","_lower":"vscode.html-language-features"},"activationEvent":"onLanguage:html"}
[2022-02-22 10:19:15.866] [exthost] [info] ExtensionService#loadCommonJSModule file:///app/share/code-oss/resources/app/extensions/html-language-features/client/dist/htmlMain
