["INFO" - 11:09:46] Extension Name: esbenp.prettier-vscode.
["INFO" - 11:09:46] Extension Version: 5.5.0.
["INFO" - 11:09:46] Enabling prettier for languages: ansible, css, graphql, home-assistant, html, javascript, javascriptreact, json, json5, jsonc, less, markdown, mdx, mongo, postcss, scss, typescript, typescriptreact, vue, yaml
["INFO" - 11:09:46] Enabling prettier for file extensions: .JSON-tmLanguage, ._js, .avsc, .bones, .cjs, .component.html, .css, .es, .es6, .frag, .geojson, .gltf, .gql, .graphql, .graphqls, .gs, .har, .htm, .html, .html.hl, .ice, .inc, .jake, .js, .js.flow, .jsb, .jscad, .jsfl, .jsm, .json, .json5, .jsonc, .jsonl, .jss, .jsx, .less, .markdown, .mcmeta, .md, .mdown, .mdwn, .mdx, .mir, .mjml, .mjs, .mkd, .mkdn, .mkdown, .njs, .pac, .pcss, .postcss, .reek, .ronn, .rviz, .scss, .sjs, .ssjs, .st, .sublime-build, .sublime-commands, .sublime-completions, .sublime-keymap, .sublime-macro, .sublime-menu, .sublime-mousemap, .sublime-project, .sublime-settings, .sublime-syntax, .sublime-theme, .sublime-workspace, .sublime_metrics, .sublime_session, .syntax, .tfstate, .tfstate.backup, .topojson, .ts, .tsx, .vue, .webapp, .webmanifest, .workbook, .xht, .xhtml, .xsjs, .xsjslib, .yaml, .yaml-tmlanguage, .yaml.sed, .yml, .yml.mysql, .yy, .yyp
["INFO" - 11:09:46] Enabling prettier for range supported languages: graphql, javascript, javascriptreact, json, typescript, typescriptreact
["INFO" - 11:10:02] Formatting /home/steph/sprint_04/day_01/starter_day01_random_L03/index.html
["INFO" - 11:10:02] Using ignore file (if present) at undefined
["INFO" - 11:10:02] Using bundled version of prettier.
["INFO" - 11:10:02] File Info:
{
  "ignored": false,
  "inferredParser": "html"
}
["INFO" - 11:10:02] No local configuration (i.e. .prettierrc or .editorconfig) detected, falling back to VS Code configuration
["INFO" - 11:10:02] Prettier Options:
{
  "arrowParens": "always",
  "bracketSpacing": true,
  "endOfLine": "lf",
  "htmlWhitespaceSensitivity": "css",
  "insertPragma": false,
  "jsxBracketSameLine": false,
  "jsxSingleQuote": false,
  "printWidth": 80,
  "proseWrap": "preserve",
  "quoteProps": "as-needed",
  "requirePragma": false,
  "semi": true,
  "singleQuote": false,
  "tabWidth": 2,
  "trailingComma": "es5",
  "useTabs": false,
  "vueIndentScriptAndStyle": false,
  "filepath": "/home/steph/sprint_04/day_01/starter_day01_random_L03/index.html",
  "parser": "html"
}
["INFO" - 11:10:02] Formatting completed in 134.496926ms.
["INFO" - 11:10:27] Formatting /home/steph/sprint_04/day_01/starter_day01_random_L03/index.html
["INFO" - 11:10:27] Using ignore file (if present) at undefined
["INFO" - 11:10:27] Using bundled version of prettier.
["INFO" - 11:10:27] File Info:
{
  "ignored": false,
  "inferredParser": "html"
}
["INFO" - 11:10:27] No local configuration (i.e. .prettierrc or .editorconfig) detected, falling back to VS Code configuration
["INFO" - 11:10:27] Prettier Options:
{
  "arrowParens": "always",
  "bracketSpacing": true,
  "endOfLine": "lf",
  "htmlWhitespaceSensitivity": "css",
  "insertPragma": false,
  "jsxBracketSameLine": false,
  "jsxSingleQuote": false,
  "printWidth": 80,
  "proseWrap": "preserve",
  "quoteProps": "as-needed",
  "requirePragma": false,
  "semi": true,
  "singleQuote": false,
  "tabWidth": 2,
  "trailingComma": "es5",
  "useTabs": false,
  "vueIndentScriptAndStyle": false,
  "filepath": "/home/steph/sprint_04/day_01/starter_day01_random_L03/index.html",
  "parser": "html"
}
["INFO" - 11:10:27] Formatting completed in 44.820966ms.
["INFO" - 11:11:55] Formatting /home/steph/sprint_04/day_01/starter_day01_conditions_L02/script.js
["INFO" - 11:11:55] Using ignore file (if present) at undefined
["INFO" - 11:11:55] Using bundled version of prettier.
["INFO" - 11:11:55] File Info:
{
  "ignored": false,
  "inferredParser": "babel"
}
["INFO" - 11:11:55] No local configuration (i.e. .prettierrc or .editorconfig) detected, falling back to VS Code configuration
["INFO" - 11:11:55] Prettier Options:
{
  "arrowParens": "always",
  "bracketSpacing": true,
  "endOfLine": "lf",
  "htmlWhitespaceSensitivity": "css",
  "insertPragma": false,
  "jsxBracketSameLine": false,
  "jsxSingleQuote": false,
  "printWidth": 80,
  "proseWrap": "preserve",
  "quoteProps": "as-needed",
  "requirePragma": false,
  "semi": true,
  "singleQuote": false,
  "tabWidth": 2,
  "trailingComma": "es5",
  "useTabs": false,
  "vueIndentScriptAndStyle": false,
  "filepath": "/home/steph/sprint_04/day_01/starter_day01_conditions_L02/script.js",
  "parser": "babel"
}
["INFO" - 11:11:55] Formatting completed in 71.254844ms.
["INFO" - 11:12:01] Formatting /home/steph/sprint_04/day_01/starter_day01_conditions_L02/script.js
["INFO" - 11:12:01] Using ignore file (if present) at undefined
["INFO" - 11:12:01] Using bundled version of prettier.
["INFO" - 11:12:01] File Info:
{
  "ignored": false,
  "inferredParser": "babel"
}
["INFO" - 11:12:01] No local configuration (i.e. .prettierrc or .editorconfig) detected, falling back to VS Code configuration
["INFO" - 11:12:01] Prettier Options:
{
  "arrowParens": "always",
  "bracketSpacing": true,
  "endOfLine": "lf",
  "htmlWhitespaceSensitivity": "css",
  "insertPragma": false,
  "jsxBracketSameLine": false,
  "jsxSingleQuote": false,
  "printWidth": 80,
  "proseWrap": "preserve",
  "quoteProps": "as-needed",
  "requirePragma": false,
  "semi": true,
  "singleQuote": false,
  "tabWidth": 2,
  "trailingComma": "es5",
  "useTabs": false,
  "vueIndentScriptAndStyle": false,
  "filepath": "/home/steph/sprint_04/day_01/starter_day01_conditions_L02/script.js",
  "parser": "babel"
}
["INFO" - 11:12:01] Formatting completed in 68.360318ms.
["INFO" - 11:13:23] Formatting /home/steph/sprint_04/day_01/starter_day01_conditions_L02/script.js
["INFO" - 11:13:23] Using ignore file (if present) at undefined
["INFO" - 11:13:23] Using bundled version of prettier.
["INFO" - 11:13:23] File Info:
{
  "ignored": false,
  "inferredParser": "babel"
}
["INFO" - 11:13:23] No local configuration (i.e. .prettierrc or .editorconfig) detected, falling back to VS Code configuration
["INFO" - 11:13:23] Prettier Options:
{
  "arrowParens": "always",
  "bracketSpacing": true,
  "endOfLine": "lf",
  "htmlWhitespaceSensitivity": "css",
  "insertPragma": false,
  "jsxBracketSameLine": false,
  "jsxSingleQuote": false,
  "printWidth": 80,
  "proseWrap": "preserve",
  "quoteProps": "as-needed",
  "requirePragma": false,
  "semi": true,
  "singleQuote": false,
  "tabWidth": 2,
  "trailingComma": "es5",
  "useTabs": false,
  "vueIndentScriptAndStyle": false,
  "filepath": "/home/steph/sprint_04/day_01/starter_day01_conditions_L02/script.js",
  "parser": "babel"
}
["INFO" - 11:13:23] Formatting completed in 89.504605ms.
["INFO" - 11:14:52] Formatting /home/steph/sprint_04/day_01/starter_day01_conditions_L02/script.js
["INFO" - 11:14:52] Using ignore file (if present) at undefined
["INFO" - 11:14:52] Using bundled version of prettier.
["INFO" - 11:14:52] File Info:
{
  "ignored": false,
  "inferredParser": "babel"
}
["INFO" - 11:14:52] No local configuration (i.e. .prettierrc or .editorconfig) detected, falling back to VS Code configuration
["INFO" - 11:14:52] Prettier Options:
{
  "arrowParens": "always",
  "bracketSpacing": true,
  "endOfLine": "lf",
  "htmlWhitespaceSensitivity": "css",
  "insertPragma": false,
  "jsxBracketSameLine": false,
  "jsxSingleQuote": false,
  "printWidth": 80,
  "proseWrap": "preserve",
  "quoteProps": "as-needed",
  "requirePragma": false,
  "semi": true,
  "singleQuote": false,
  "tabWidth": 2,
  "trailingComma": "es5",
  "useTabs": false,
  "vueIndentScriptAndStyle": false,
  "filepath": "/home/steph/sprint_04/day_01/starter_day01_conditions_L02/script.js",
  "parser": "babel"
}
["INFO" - 11:14:52] Formatting completed in 56.86398ms.
["INFO" - 11:17:23] Formatting /home/steph/sprint_04/day_01/starter_day01_conditions_L02/script.js
["INFO" - 11:17:23] Using ignore file (if present) at undefined
["INFO" - 11:17:23] Using bundled version of prettier.
["INFO" - 11:17:23] File Info:
{
  "ignored": false,
  "inferredParser": "babel"
}
["INFO" - 11:17:23] No local configuration (i.e. .prettierrc or .editorconfig) detected, falling back to VS Code configuration
["INFO" - 11:17:23] Prettier Options:
{
  "arrowParens": "always",
  "bracketSpacing": true,
  "endOfLine": "lf",
  "htmlWhitespaceSensitivity": "css",
  "insertPragma": false,
  "jsxBracketSameLine": false,
  "jsxSingleQuote": false,
  "printWidth": 80,
  "proseWrap": "preserve",
  "quoteProps": "as-needed",
  "requirePragma": false,
  "semi": true,
  "singleQuote": false,
  "tabWidth": 2,
  "trailingComma": "es5",
  "useTabs": false,
  "vueIndentScriptAndStyle": false,
  "filepath": "/home/steph/sprint_04/day_01/starter_day01_conditions_L02/script.js",
  "parser": "babel"
}
["INFO" - 11:17:23] Formatting completed in 51.144339ms.
["INFO" - 11:17:27] Formatting /home/steph/sprint_04/day_01/starter_day01_conditions_L02/script.js
["INFO" - 11:17:27] Using ignore file (if present) at undefined
["INFO" - 11:17:27] Using bundled version of prettier.
["INFO" - 11:17:27] File Info:
{
  "ignored": false,
  "inferredParser": "babel"
}
["INFO" - 11:17:27] No local configuration (i.e. .prettierrc or .editorconfig) detected, falling back to VS Code configuration
["INFO" - 11:17:27] Prettier Options:
{
  "arrowParens": "always",
  "bracketSpacing": true,
  "endOfLine": "lf",
  "htmlWhitespaceSensitivity": "css",
  "insertPragma": false,
  "jsxBracketSameLine": false,
  "jsxSingleQuote": false,
  "printWidth": 80,
  "proseWrap": "preserve",
  "quoteProps": "as-needed",
  "requirePragma": false,
  "semi": true,
  "singleQuote": false,
  "tabWidth": 2,
  "trailingComma": "es5",
  "useTabs": false,
  "vueIndentScriptAndStyle": false,
  "filepath": "/home/steph/sprint_04/day_01/starter_day01_conditions_L02/script.js",
  "parser": "babel"
}
["INFO" - 11:17:27] Formatting completed in 41.801146ms.
["INFO" - 11:18:27] Formatting /home/steph/sprint_04/day_01/starter_day01_conditions_L02/script.js
["INFO" - 11:18:27] Using ignore file (if present) at undefined
["INFO" - 11:18:27] Using bundled version of prettier.
["INFO" - 11:18:27] File Info:
{
  "ignored": false,
  "inferredParser": "babel"
}
["INFO" - 11:18:27] No local configuration (i.e. .prettierrc or .editorconfig) detected, falling back to VS Code configuration
["INFO" - 11:18:27] Prettier Options:
{
  "arrowParens": "always",
  "bracketSpacing": true,
  "endOfLine": "lf",
  "htmlWhitespaceSensitivity": "css",
  "insertPragma": false,
  "jsxBracketSameLine": false,
  "jsxSingleQuote": false,
  "printWidth": 80,
  "proseWrap": "preserve",
  "quoteProps": "as-needed",
  "requirePragma": false,
  "semi": true,
  "singleQuote": false,
  "tabWidth": 2,
  "trailingComma": "es5",
  "useTabs": false,
  "vueIndentScriptAndStyle": false,
  "filepath": "/home/steph/sprint_04/day_01/starter_day01_conditions_L02/script.js",
  "parser": "babel"
}
["INFO" - 11:18:27] Formatting completed in 80.23332ms.
